2022-03-24 08:14:18.263 INFO  (main) [   ] o.e.j.u.log Logging initialized @1577ms to org.eclipse.jetty.util.log.Slf4jLog
2022-03-24 08:14:18.523 INFO  (main) [   ] o.e.j.s.Server jetty-9.4.44.v20210927; built: 2021-09-27T23:02:44.612Z; git: 8da83308eeca865e495e53ef315a249d63ba9332; jvm 1.8.0_321-b07
2022-03-24 08:14:18.539 INFO  (main) [   ] o.e.j.d.p.ScanningAppProvider Deployment monitor [file:///C:/Users/damie/Documents/GitHub/CZ4034-Information-Retrieval/backend/solr-8.11.1/server/contexts/] at interval 0
2022-03-24 08:14:19.373 INFO  (main) [   ] o.e.j.w.StandardDescriptorProcessor NO JSP Support for /solr, did not find org.apache.jasper.servlet.JspServlet
2022-03-24 08:14:19.373 INFO  (main) [   ] o.e.j.s.session DefaultSessionIdManager workerName=node0
2022-03-24 08:14:19.373 INFO  (main) [   ] o.e.j.s.session No SessionScavenger set, using defaults
2022-03-24 08:14:19.385 INFO  (main) [   ] o.e.j.s.session node0 Scavenging every 600000ms
2022-03-24 08:14:19.435 INFO  (main) [   ] o.a.s.s.SolrDispatchFilter Using logger factory org.apache.logging.slf4j.Log4jLoggerFactory
2022-03-24 08:14:19.435 INFO  (main) [   ] o.a.s.s.SolrDispatchFilter  ___      _       Welcome to Apache Solr™ version 8.11.1
2022-03-24 08:14:19.435 INFO  (main) [   ] o.a.s.s.SolrDispatchFilter / __| ___| |_ _   Starting in standalone mode on port 8983
2022-03-24 08:14:19.435 INFO  (main) [   ] o.a.s.s.SolrDispatchFilter \__ \/ _ \ | '_|  Install dir: C:\Users\damie\Documents\GitHub\CZ4034-Information-Retrieval\backend\solr-8.11.1
2022-03-24 08:14:19.435 INFO  (main) [   ] o.a.s.s.SolrDispatchFilter |___/\___/_|_|    Start time: 2022-03-24T08:14:19.435Z
2022-03-24 08:14:19.451 INFO  (main) [   ] o.a.s.c.SolrPaths Using system property solr.solr.home: C:\Users\damie\Documents\GitHub\CZ4034-Information-Retrieval\backend\solr-8.11.1\server\solr
2022-03-24 08:14:19.451 INFO  (main) [   ] o.a.s.c.SolrXmlConfig Loading container configuration from C:\Users\damie\Documents\GitHub\CZ4034-Information-Retrieval\backend\solr-8.11.1\server\solr\solr.xml
2022-03-24 08:14:19.530 INFO  (main) [   ] o.a.s.c.SolrXmlConfig MBean server found: com.sun.jmx.mbeanserver.JmxMBeanServer@703580bf, but no JMX reporters were configured - adding default JMX reporter.
2022-03-24 08:14:20.157 INFO  (main) [   ] o.a.s.h.c.HttpShardHandlerFactory Host whitelist initialized: WhitelistHostChecker [whitelistHosts=null, whitelistHostCheckingEnabled=true]
2022-03-24 08:14:20.565 WARN  (main) [   ] o.e.j.u.s.S.config Trusting all certificates configured for Client@10027fc9[provider=null,keyStore=null,trustStore=null]
2022-03-24 08:14:20.565 WARN  (main) [   ] o.e.j.u.s.S.config No Client EndPointIdentificationAlgorithm configured for Client@10027fc9[provider=null,keyStore=null,trustStore=null]
2022-03-24 08:14:20.644 WARN  (main) [   ] o.e.j.u.s.S.config Trusting all certificates configured for Client@126be319[provider=null,keyStore=null,trustStore=null]
2022-03-24 08:14:20.644 WARN  (main) [   ] o.e.j.u.s.S.config No Client EndPointIdentificationAlgorithm configured for Client@126be319[provider=null,keyStore=null,trustStore=null]
2022-03-24 08:14:20.691 WARN  (main) [   ] o.a.s.c.CoreContainer Not all security plugins configured!  authentication=disabled authorization=disabled.  Solr is only as secure as you make it. Consider configuring authentication/authorization before exposing Solr to users internal or external.  See https://s.apache.org/solrsecurity for more info
2022-03-24 08:14:20.818 INFO  (main) [   ] o.a.s.c.TransientSolrCoreCacheDefault Allocating transient core cache for max 2147483647 cores with initial capacity of 1024
2022-03-24 08:14:20.818 INFO  (main) [   ] o.a.s.h.a.MetricsHistoryHandler No .system collection, keeping metrics history in memory.
2022-03-24 08:14:20.880 INFO  (main) [   ] o.a.s.m.r.SolrJmxReporter JMX monitoring for 'solr.node' (registry 'solr.node') enabled at server: com.sun.jmx.mbeanserver.JmxMBeanServer@703580bf
2022-03-24 08:14:20.880 INFO  (main) [   ] o.a.s.m.r.SolrJmxReporter JMX monitoring for 'solr.jvm' (registry 'solr.jvm') enabled at server: com.sun.jmx.mbeanserver.JmxMBeanServer@703580bf
2022-03-24 08:14:20.880 INFO  (main) [   ] o.a.s.m.r.SolrJmxReporter JMX monitoring for 'solr.jetty' (registry 'solr.jetty') enabled at server: com.sun.jmx.mbeanserver.JmxMBeanServer@703580bf
2022-03-24 08:14:20.912 INFO  (main) [   ] o.a.s.c.CorePropertiesLocator Found 1 core definitions underneath C:\Users\damie\Documents\GitHub\CZ4034-Information-Retrieval\backend\solr-8.11.1\server\solr
2022-03-24 08:14:20.912 INFO  (main) [   ] o.a.s.c.CorePropertiesLocator Cores are: [CZ4034]
2022-03-24 08:14:20.943 INFO  (coreLoadExecutor-13-thread-1) [   x:CZ4034] o.a.s.c.SolrConfig Using Lucene MatchVersion: 8.11.1
2022-03-24 08:14:20.974 WARN  (coreLoadExecutor-13-thread-1) [   x:CZ4034] o.a.s.c.SolrConfig solrconfig.xml: <jmx> is no longer supported, use solr.xml:/metrics/reporter section instead
2022-03-24 08:14:21.022 INFO  (coreLoadExecutor-13-thread-1) [   x:CZ4034] o.a.s.s.IndexSchema Schema name=default-config
2022-03-24 08:14:21.257 WARN  (coreLoadExecutor-13-thread-1) [   x:CZ4034] o.a.s.D.s.SynonymFilterFactory Solr loaded a deprecated plugin/analysis class [solr.SynonymFilterFactory]. Please consult documentation how to replace it accordingly.
2022-03-24 08:14:21.304 WARN  (coreLoadExecutor-13-thread-1) [   x:CZ4034] o.a.s.s.AbstractSpatialPrefixTreeFieldType FieldType SpatialRecursivePrefixTreeFieldType does not allow omitNorms to be specified in schema, hardcoded behavior is omitNorms=true
2022-03-24 08:14:21.304 WARN  (coreLoadExecutor-13-thread-1) [   x:CZ4034] o.a.s.s.AbstractSpatialPrefixTreeFieldType FieldType SpatialRecursivePrefixTreeFieldType does not allow omitTermFreqAndPositions to be specified in schema, hardcoded behavior is omitTermFreqAndPositions=true
2022-03-24 08:14:21.304 WARN  (coreLoadExecutor-13-thread-1) [   x:CZ4034] o.a.s.s.AbstractSpatialPrefixTreeFieldType FieldType SpatialRecursivePrefixTreeFieldType does not allow termOffsets to be specified in schema, hardcoded behavior is termOffsets=false
2022-03-24 08:14:21.304 WARN  (coreLoadExecutor-13-thread-1) [   x:CZ4034] o.a.s.s.AbstractSpatialPrefixTreeFieldType FieldType SpatialRecursivePrefixTreeFieldType does not allow termPositions to be specified in schema, hardcoded behavior is termPositions=false
2022-03-24 08:14:21.304 WARN  (coreLoadExecutor-13-thread-1) [   x:CZ4034] o.a.s.s.AbstractSpatialPrefixTreeFieldType FieldType SpatialRecursivePrefixTreeFieldType does not allow omitPositions to be specified in schema, hardcoded behavior is omitPositions=true
2022-03-24 08:14:21.430 INFO  (main) [   ] o.e.j.s.h.ContextHandler Started o.e.j.w.WebAppContext@2b40ff9c{/solr,file:///C:/Users/damie/Documents/GitHub/CZ4034-Information-Retrieval/backend/solr-8.11.1/server/solr-webapp/webapp/,AVAILABLE}{C:\Users\damie\Documents\GitHub\CZ4034-Information-Retrieval\backend\solr-8.11.1\server/solr-webapp/webapp}
2022-03-24 08:14:21.445 INFO  (main) [   ] o.e.j.s.AbstractConnector Started ServerConnector@306e95ec{HTTP/1.1, (http/1.1, h2c)}{0.0.0.0:8983}
2022-03-24 08:14:21.445 INFO  (main) [   ] o.e.j.s.Server Started @4772ms
2022-03-24 08:14:21.539 INFO  (coreLoadExecutor-13-thread-1) [   x:CZ4034] o.a.s.s.IndexSchema Loaded schema default-config/1.6 with uniqueid field id
2022-03-24 08:14:21.618 INFO  (coreLoadExecutor-13-thread-1) [   x:CZ4034] o.a.s.c.CoreContainer Creating SolrCore 'CZ4034' using configuration from instancedir C:\Users\damie\Documents\GitHub\CZ4034-Information-Retrieval\backend\solr-8.11.1\server\solr\CZ4034, trusted=true
2022-03-24 08:14:21.649 INFO  (coreLoadExecutor-13-thread-1) [   x:CZ4034] o.a.s.m.r.SolrJmxReporter JMX monitoring for 'solr.core.CZ4034' (registry 'solr.core.CZ4034') enabled at server: com.sun.jmx.mbeanserver.JmxMBeanServer@703580bf
2022-03-24 08:14:21.665 INFO  (coreLoadExecutor-13-thread-1) [   x:CZ4034] o.a.s.c.SolrCore [[CZ4034] ] Opening new SolrCore at [C:\Users\damie\Documents\GitHub\CZ4034-Information-Retrieval\backend\solr-8.11.1\server\solr\CZ4034], dataDir=[C:\Users\damie\Documents\GitHub\CZ4034-Information-Retrieval\backend\solr-8.11.1\server\solr\CZ4034\data\]
2022-03-24 08:14:21.932 INFO  (qtp60292059-24) [   ] o.a.s.s.HttpSolrCall [admin] webapp=null path=/admin/info/system params={wt=json} status=0 QTime=82
2022-03-24 08:14:22.293 INFO  (coreLoadExecutor-13-thread-1) [   x:CZ4034] o.a.s.u.UpdateHandler Using UpdateLog implementation: org.apache.solr.update.UpdateLog
2022-03-24 08:14:22.293 INFO  (coreLoadExecutor-13-thread-1) [   x:CZ4034] o.a.s.u.UpdateLog Initializing UpdateLog: dataDir= defaultSyncLevel=FLUSH numRecordsToKeep=100 maxNumLogsToKeep=10 numVersionBuckets=65536
2022-03-24 08:14:22.324 INFO  (coreLoadExecutor-13-thread-1) [   x:CZ4034] o.a.s.u.CommitTracker Hard AutoCommit: if uncommitted for 15000ms; 
2022-03-24 08:14:22.324 INFO  (coreLoadExecutor-13-thread-1) [   x:CZ4034] o.a.s.u.CommitTracker Soft AutoCommit: disabled
2022-03-24 08:14:22.543 INFO  (coreLoadExecutor-13-thread-1) [   x:CZ4034] o.a.s.r.ManagedResourceStorage File-based storage initialized to use dir: C:\Users\damie\Documents\GitHub\CZ4034-Information-Retrieval\backend\solr-8.11.1\server\solr\CZ4034\conf
2022-03-24 08:14:22.559 INFO  (coreLoadExecutor-13-thread-1) [   x:CZ4034] o.a.s.h.c.SpellCheckComponent Initializing spell checkers
2022-03-24 08:14:22.575 INFO  (coreLoadExecutor-13-thread-1) [   x:CZ4034] o.a.s.h.c.SpellCheckComponent Registering newSearcher listener for spellchecker: default
2022-03-24 08:14:22.575 INFO  (coreLoadExecutor-13-thread-1) [   x:CZ4034] o.a.s.h.ReplicationHandler Commits will be reserved for 10000 ms
2022-03-24 08:14:22.593 INFO  (searcherExecutor-15-thread-1-processing-x:CZ4034) [   x:CZ4034] o.a.s.c.QuerySenderListener QuerySenderListener done.
2022-03-24 08:14:22.593 INFO  (searcherExecutor-15-thread-1-processing-x:CZ4034) [   x:CZ4034] o.a.s.h.c.SpellCheckComponent Loading spell index for spellchecker: default
2022-03-24 08:14:22.606 INFO  (searcherExecutor-15-thread-1-processing-x:CZ4034) [   x:CZ4034] o.a.s.c.SolrCore [CZ4034]  Registered new searcher autowarm time: 0 ms
2022-03-24 08:14:28.577 INFO  (qtp60292059-19) [   x:CZ4034] o.a.s.c.PluginBag Going to create a new requestHandler with {type = requestHandler,name = /spell,class = solr.SearchHandler,attributes = {startup=lazy, name=/spell, class=solr.SearchHandler},args = {defaults={spellcheck.dictionary=default,spellcheck=on,spellcheck.extendedResults=true,spellcheck.count=10,spellcheck.alternativeTermCount=5,spellcheck.maxResultsForSuggest=5,spellcheck.collate=true,spellcheck.collateExtendedResults=true,spellcheck.maxCollationTries=10,spellcheck.maxCollations=5,df=_text_},last-components=[spellcheck]}} 
2022-03-24 08:14:28.640 INFO  (qtp60292059-19) [   x:CZ4034] o.a.s.c.S.Request [CZ4034]  webapp=/solr path=/spell params={q=&df=text&indent=true&q.op=OR&sort=like_count+desc&wt=json&debugQuery=true} hits=0 status=0 QTime=62
2022-03-24 08:14:28.663 INFO  (qtp60292059-20) [   x:CZ4034] o.a.s.c.S.Request [CZ4034]  webapp=/solr path=/spell params={q=*:*&df=text&indent=true&q.op=OR&sort=like_count+desc&wt=json&debugQuery=true} hits=10538 status=0 QTime=78
2022-03-24 08:14:30.634 INFO  (qtp60292059-24) [   x:CZ4034] o.a.s.c.S.Request [CZ4034]  webapp=/solr path=/spell params={q=pfizer&df=text&indent=true&q.op=OR&sort=like_count+desc&wt=json&debugQuery=true} hits=4659 status=0 QTime=41
2022-03-24 08:14:31.110 INFO  (qtp60292059-26) [   x:CZ4034] o.a.s.c.S.Request [CZ4034]  webapp=/solr path=/spell params={q=moderna&df=text&indent=true&q.op=OR&sort=like_count+desc&wt=json&debugQuery=true} hits=2369 status=0 QTime=11
2022-03-24 08:14:34.729 INFO  (qtp60292059-24) [   x:CZ4034] o.a.s.c.S.Request [CZ4034]  webapp=/solr path=/spell params={q=homr&df=text&indent=true&q.op=OR&sort=like_count+desc&wt=json&debugQuery=true} hits=0 status=0 QTime=80
2022-03-24 08:15:11.431 INFO  (qtp60292059-17) [   x:CZ4034] o.a.s.c.S.Request [CZ4034]  webapp=/solr path=/spell params={q=&df=text&indent=true&q.op=OR&sort=like_count+desc&wt=json&debugQuery=true} hits=0 status=0 QTime=1
2022-03-24 08:15:11.447 INFO  (qtp60292059-24) [   x:CZ4034] o.a.s.c.S.Request [CZ4034]  webapp=/solr path=/spell params={q=*:*&df=text&indent=true&q.op=OR&sort=like_count+desc&wt=json&debugQuery=true} hits=10538 status=0 QTime=1
2022-03-24 08:15:44.768 INFO  (qtp60292059-26) [   x:CZ4034] o.a.s.c.S.Request [CZ4034]  webapp=/solr path=/spell params={q=&df=text&indent=true&q.op=OR&sort=like_count+desc&wt=json&debugQuery=true} hits=0 status=0 QTime=1
2022-03-24 08:15:44.799 INFO  (qtp60292059-24) [   x:CZ4034] o.a.s.c.S.Request [CZ4034]  webapp=/solr path=/spell params={q=*:*&df=text&indent=true&q.op=OR&sort=like_count+desc&wt=json&debugQuery=true} hits=10538 status=0 QTime=2
2022-03-24 08:15:46.643 INFO  (qtp60292059-26) [   x:CZ4034] o.a.s.c.S.Request [CZ4034]  webapp=/solr path=/spell params={q=pfizer&df=text&indent=true&q.op=OR&sort=like_count+desc&wt=json&debugQuery=true} hits=4659 status=0 QTime=12
2022-03-24 08:15:49.613 INFO  (qtp60292059-24) [   x:CZ4034] o.a.s.c.S.Request [CZ4034]  webapp=/solr path=/spell params={q=lo&df=text&indent=true&q.op=OR&sort=like_count+desc&wt=json&debugQuery=true} hits=2617 status=0 QTime=29
2022-03-24 08:15:51.343 INFO  (qtp60292059-26) [   x:CZ4034] o.a.s.c.S.Request [CZ4034]  webapp=/solr path=/spell params={q=loae&df=text&indent=true&q.op=OR&sort=like_count+desc&wt=json&debugQuery=true} hits=0 status=0 QTime=26
2022-03-24 08:15:59.289 INFO  (qtp60292059-24) [   x:CZ4034] o.a.s.c.S.Request [CZ4034]  webapp=/solr path=/spell params={q=homr&df=text&indent=true&q.op=OR&sort=like_count+desc&wt=json&debugQuery=true} hits=0 status=0 QTime=12
2022-03-24 08:16:03.388 INFO  (qtp60292059-26) [   x:CZ4034] o.a.s.c.S.Request [CZ4034]  webapp=/solr path=/spell params={q=sputnik&df=text&indent=true&q.op=OR&sort=like_count+desc&wt=json&debugQuery=true} hits=397 status=0 QTime=9
2022-03-24 08:16:04.154 INFO  (qtp60292059-24) [   x:CZ4034] o.a.s.c.S.Request [CZ4034]  webapp=/solr path=/spell params={q=sinovac&df=text&indent=true&q.op=OR&sort=like_count+desc&wt=json&debugQuery=true} hits=843 status=0 QTime=7
2022-03-24 08:29:31.095 INFO  (qtp60292059-25) [   x:CZ4034] o.a.s.c.S.Request [CZ4034]  webapp=/solr path=/spell params={q=&df=text&indent=true&q.op=OR&sort=like_count+desc&wt=json&debugQuery=true} hits=0 status=0 QTime=1
2022-03-24 08:29:31.095 INFO  (qtp60292059-22) [   x:CZ4034] o.a.s.c.S.Request [CZ4034]  webapp=/solr path=/spell params={q=*:*&df=text&indent=true&q.op=OR&sort=like_count+desc&wt=json&debugQuery=true} hits=10538 status=0 QTime=1
2022-03-24 08:29:55.528 INFO  (qtp60292059-20) [   x:CZ4034] o.a.s.c.S.Request [CZ4034]  webapp=/solr path=/spell params={q=&df=text&indent=true&q.op=OR&sort=like_count+desc&wt=json&debugQuery=true} hits=0 status=0 QTime=0
2022-03-24 08:29:55.542 INFO  (qtp60292059-22) [   x:CZ4034] o.a.s.c.S.Request [CZ4034]  webapp=/solr path=/spell params={q=*:*&df=text&indent=true&q.op=OR&sort=like_count+desc&wt=json&debugQuery=true} hits=10538 status=0 QTime=2
2022-03-24 08:59:58.538 INFO  (qtp60292059-19) [   x:CZ4034] o.a.s.c.S.Request [CZ4034]  webapp=/solr path=/spell params={q=&df=text&indent=true&q.op=OR&sort=like_count+desc&wt=json&debugQuery=true} hits=0 status=0 QTime=1
2022-03-24 08:59:58.555 INFO  (qtp60292059-26) [   x:CZ4034] o.a.s.c.S.Request [CZ4034]  webapp=/solr path=/spell params={q=*:*&df=text&indent=true&q.op=OR&sort=like_count+desc&wt=json&debugQuery=true} hits=10538 status=0 QTime=1
2022-03-24 09:00:12.601 INFO  (qtp60292059-42) [   x:CZ4034] o.a.s.c.S.Request [CZ4034]  webapp=/solr path=/spell params={q=&df=text&indent=true&q.op=OR&sort=like_count+desc&wt=json&debugQuery=true} hits=0 status=0 QTime=1
2022-03-24 09:00:12.617 INFO  (qtp60292059-26) [   x:CZ4034] o.a.s.c.S.Request [CZ4034]  webapp=/solr path=/spell params={q=*:*&df=text&indent=true&q.op=OR&sort=like_count+desc&wt=json&debugQuery=true} hits=10538 status=0 QTime=1
2022-03-24 09:00:31.023 INFO  (qtp60292059-42) [   x:CZ4034] o.a.s.c.S.Request [CZ4034]  webapp=/solr path=/spell params={q=&df=text&indent=true&q.op=OR&sort=like_count+desc&wt=json&debugQuery=true} hits=0 status=0 QTime=0
2022-03-24 09:00:31.039 INFO  (qtp60292059-26) [   x:CZ4034] o.a.s.c.S.Request [CZ4034]  webapp=/solr path=/spell params={q=*:*&df=text&indent=true&q.op=OR&sort=like_count+desc&wt=json&debugQuery=true} hits=10538 status=0 QTime=0
2022-03-24 09:02:06.664 INFO  (qtp60292059-42) [   x:CZ4034] o.a.s.c.S.Request [CZ4034]  webapp=/solr path=/spell params={q=&df=text&indent=true&q.op=OR&sort=like_count+desc&wt=json&debugQuery=true} hits=0 status=0 QTime=0
2022-03-24 09:02:06.680 INFO  (qtp60292059-26) [   x:CZ4034] o.a.s.c.S.Request [CZ4034]  webapp=/solr path=/spell params={q=*:*&df=text&indent=true&q.op=OR&sort=like_count+desc&wt=json&debugQuery=true} hits=10538 status=0 QTime=1
2022-03-24 09:02:55.960 INFO  (qtp60292059-42) [   x:CZ4034] o.a.s.c.S.Request [CZ4034]  webapp=/solr path=/spell params={q=covaxin&df=text&indent=true&q.op=OR&sort=like_count+desc&wt=json&debugQuery=true} hits=1409 status=0 QTime=12
2022-03-24 09:03:00.036 INFO  (qtp60292059-26) [   x:CZ4034] o.a.s.c.S.Request [CZ4034]  webapp=/solr path=/spell params={q=sputnik&df=text&indent=true&q.op=OR&sort=like_count+desc&wt=json&debugQuery=true} hits=397 status=0 QTime=7
2022-03-24 09:04:53.072 INFO  (qtp60292059-42) [   x:CZ4034] o.a.s.c.S.Request [CZ4034]  webapp=/solr path=/spell params={q=&df=text&indent=true&q.op=OR&sort=like_count+desc&wt=json&debugQuery=true} hits=0 status=0 QTime=1
2022-03-24 09:04:53.106 INFO  (qtp60292059-26) [   x:CZ4034] o.a.s.c.S.Request [CZ4034]  webapp=/solr path=/spell params={q=*:*&df=text&indent=true&q.op=OR&sort=like_count+desc&wt=json&debugQuery=true} hits=10538 status=0 QTime=1
2022-03-24 09:05:02.348 INFO  (qtp60292059-42) [   x:CZ4034] o.a.s.c.S.Request [CZ4034]  webapp=/solr path=/spell params={q=&df=text&indent=true&q.op=OR&sort=like_count+desc&wt=json&debugQuery=true} hits=0 status=0 QTime=0
2022-03-24 09:05:02.363 INFO  (qtp60292059-26) [   x:CZ4034] o.a.s.c.S.Request [CZ4034]  webapp=/solr path=/spell params={q=*:*&df=text&indent=true&q.op=OR&sort=like_count+desc&wt=json&debugQuery=true} hits=10538 status=0 QTime=1
2022-03-24 09:06:02.949 INFO  (qtp60292059-42) [   x:CZ4034] o.a.s.c.S.Request [CZ4034]  webapp=/solr path=/spell params={q=&df=text&indent=true&q.op=OR&sort=like_count+desc&wt=json&debugQuery=true} hits=0 status=0 QTime=0
2022-03-24 09:06:02.981 INFO  (qtp60292059-26) [   x:CZ4034] o.a.s.c.S.Request [CZ4034]  webapp=/solr path=/spell params={q=*:*&df=text&indent=true&q.op=OR&sort=like_count+desc&wt=json&debugQuery=true} hits=10538 status=0 QTime=0
2022-03-24 09:08:52.678 INFO  (qtp60292059-24) [   x:CZ4034] o.a.s.c.S.Request [CZ4034]  webapp=/solr path=/spell params={q=&df=text&indent=true&q.op=OR&sort=like_count+desc&wt=json&debugQuery=true} hits=0 status=0 QTime=0
2022-03-24 09:08:52.678 INFO  (qtp60292059-19) [   x:CZ4034] o.a.s.c.S.Request [CZ4034]  webapp=/solr path=/spell params={q=*:*&df=text&indent=true&q.op=OR&sort=like_count+desc&wt=json&debugQuery=true} hits=10538 status=0 QTime=1
2022-03-24 09:14:26.154 INFO  (qtp60292059-26) [   x:CZ4034] o.a.s.c.S.Request [CZ4034]  webapp=/solr path=/spell params={q=&df=text&indent=true&q.op=OR&sort=like_count+desc&wt=json&debugQuery=true} hits=0 status=0 QTime=0
2022-03-24 09:14:26.166 INFO  (qtp60292059-20) [   x:CZ4034] o.a.s.c.S.Request [CZ4034]  webapp=/solr path=/spell params={q=*:*&df=text&indent=true&q.op=OR&sort=like_count+desc&wt=json&debugQuery=true} hits=10538 status=0 QTime=1
